 INFO [2021-09-18 01:23:10,361] ({qtp2107447833-360} NotebookServer.java[onClose]:372) - Closed connection to 172.17.0.1 : 59960. (1006) WebSocket Read EOF
 INFO [2021-09-18 01:23:12,841] ({qtp2107447833-309} NotebookServer.java[onOpen]:151) - New connection from 172.17.0.1 : 59988
 INFO [2021-09-18 01:23:13,011] ({qtp2107447833-360} NotebookServer.java[sendNote]:828) - New operation from 172.17.0.1 : 59988 : anonymous : GET_NOTE : 2GGN57HVC
 WARN [2021-09-18 01:23:13,097] ({qtp2107447833-360} GitNotebookRepo.java[revisionHistory]:158) - No Head found for 2GGN57HVC, No HEAD exists and no explicit starting revision was specified
 WARN [2021-09-18 01:23:13,156] ({qtp2107447833-309} InterpreterSettingManager.java[compare]:886) - InterpreterGroup sap is not specified in zeppelin.interpreter.group.order
 WARN [2021-09-18 01:23:13,161] ({qtp2107447833-309} InterpreterSettingManager.java[compare]:886) - InterpreterGroup sap is not specified in zeppelin.interpreter.group.order
 WARN [2021-09-18 01:23:13,166] ({qtp2107447833-309} InterpreterSettingManager.java[compare]:892) - InterpreterGroup sap is not specified in zeppelin.interpreter.group.order
 WARN [2021-09-18 01:23:13,169] ({qtp2107447833-309} InterpreterSettingManager.java[compare]:892) - InterpreterGroup sap is not specified in zeppelin.interpreter.group.order
 WARN [2021-09-18 01:23:13,173] ({qtp2107447833-309} InterpreterSettingManager.java[compare]:892) - InterpreterGroup sap is not specified in zeppelin.interpreter.group.order
 WARN [2021-09-18 01:23:13,185] ({qtp2107447833-309} InterpreterSettingManager.java[compare]:892) - InterpreterGroup sap is not specified in zeppelin.interpreter.group.order
 INFO [2021-09-18 01:32:55,363] ({Scheduler-1643691748} NotebookServer.java[onClose]:372) - Closed connection to 172.17.0.1 : 59988. (1001) Idle Timeout
 INFO [2021-09-18 01:32:57,856] ({qtp2107447833-359} NotebookServer.java[onOpen]:151) - New connection from 172.17.0.1 : 60020
 INFO [2021-09-18 01:32:57,881] ({qtp2107447833-366} NotebookServer.java[sendNote]:828) - New operation from 172.17.0.1 : 60020 : anonymous : GET_NOTE : 2GGN57HVC
 WARN [2021-09-18 01:32:57,927] ({qtp2107447833-366} GitNotebookRepo.java[revisionHistory]:158) - No Head found for 2GGN57HVC, No HEAD exists and no explicit starting revision was specified
 WARN [2021-09-18 01:32:57,935] ({qtp2107447833-366} InterpreterSettingManager.java[compare]:886) - InterpreterGroup sap is not specified in zeppelin.interpreter.group.order
 WARN [2021-09-18 01:32:57,942] ({qtp2107447833-366} InterpreterSettingManager.java[compare]:886) - InterpreterGroup sap is not specified in zeppelin.interpreter.group.order
 WARN [2021-09-18 01:32:57,947] ({qtp2107447833-366} InterpreterSettingManager.java[compare]:892) - InterpreterGroup sap is not specified in zeppelin.interpreter.group.order
 WARN [2021-09-18 01:32:57,949] ({qtp2107447833-366} InterpreterSettingManager.java[compare]:892) - InterpreterGroup sap is not specified in zeppelin.interpreter.group.order
 WARN [2021-09-18 01:32:57,951] ({qtp2107447833-366} InterpreterSettingManager.java[compare]:892) - InterpreterGroup sap is not specified in zeppelin.interpreter.group.order
 WARN [2021-09-18 01:32:57,954] ({qtp2107447833-366} InterpreterSettingManager.java[compare]:892) - InterpreterGroup sap is not specified in zeppelin.interpreter.group.order
 INFO [2021-09-18 01:33:14,314] ({qtp2107447833-356} NotebookServer.java[onClose]:372) - Closed connection to 172.17.0.1 : 60020. (1006) WebSocket Read EOF
 INFO [2021-09-18 01:33:16,373] ({qtp2107447833-312} NotebookServer.java[onOpen]:151) - New connection from 172.17.0.1 : 60048
 INFO [2021-09-18 01:33:16,383] ({qtp2107447833-366} NotebookServer.java[sendNote]:828) - New operation from 172.17.0.1 : 60048 : anonymous : GET_NOTE : 2GGN57HVC
 WARN [2021-09-18 01:33:16,439] ({qtp2107447833-366} GitNotebookRepo.java[revisionHistory]:158) - No Head found for 2GGN57HVC, No HEAD exists and no explicit starting revision was specified
 WARN [2021-09-18 01:33:16,441] ({qtp2107447833-366} InterpreterSettingManager.java[compare]:886) - InterpreterGroup sap is not specified in zeppelin.interpreter.group.order
 WARN [2021-09-18 01:33:16,443] ({qtp2107447833-366} InterpreterSettingManager.java[compare]:886) - InterpreterGroup sap is not specified in zeppelin.interpreter.group.order
 WARN [2021-09-18 01:33:16,444] ({qtp2107447833-366} InterpreterSettingManager.java[compare]:892) - InterpreterGroup sap is not specified in zeppelin.interpreter.group.order
 WARN [2021-09-18 01:33:16,445] ({qtp2107447833-366} InterpreterSettingManager.java[compare]:892) - InterpreterGroup sap is not specified in zeppelin.interpreter.group.order
 WARN [2021-09-18 01:33:16,446] ({qtp2107447833-366} InterpreterSettingManager.java[compare]:892) - InterpreterGroup sap is not specified in zeppelin.interpreter.group.order
 WARN [2021-09-18 01:33:16,448] ({qtp2107447833-366} InterpreterSettingManager.java[compare]:892) - InterpreterGroup sap is not specified in zeppelin.interpreter.group.order
 INFO [2021-09-18 01:53:19,503] ({qtp2107447833-312} NotebookServer.java[onClose]:372) - Closed connection to 172.17.0.1 : 60048. (1006) WebSocket Read EOF
 INFO [2021-09-18 01:53:20,702] ({qtp2107447833-356} NotebookServer.java[onOpen]:151) - New connection from 172.17.0.1 : 60076
 INFO [2021-09-18 01:53:20,729] ({qtp2107447833-312} NotebookServer.java[sendNote]:828) - New operation from 172.17.0.1 : 60076 : anonymous : GET_NOTE : 2GGN57HVC
 WARN [2021-09-18 01:53:20,767] ({qtp2107447833-312} GitNotebookRepo.java[revisionHistory]:158) - No Head found for 2GGN57HVC, No HEAD exists and no explicit starting revision was specified
 WARN [2021-09-18 01:53:20,775] ({qtp2107447833-312} InterpreterSettingManager.java[compare]:886) - InterpreterGroup sap is not specified in zeppelin.interpreter.group.order
 WARN [2021-09-18 01:53:20,780] ({qtp2107447833-312} InterpreterSettingManager.java[compare]:886) - InterpreterGroup sap is not specified in zeppelin.interpreter.group.order
 WARN [2021-09-18 01:53:20,786] ({qtp2107447833-312} InterpreterSettingManager.java[compare]:892) - InterpreterGroup sap is not specified in zeppelin.interpreter.group.order
 WARN [2021-09-18 01:53:20,792] ({qtp2107447833-312} InterpreterSettingManager.java[compare]:892) - InterpreterGroup sap is not specified in zeppelin.interpreter.group.order
 WARN [2021-09-18 01:53:20,798] ({qtp2107447833-312} InterpreterSettingManager.java[compare]:892) - InterpreterGroup sap is not specified in zeppelin.interpreter.group.order
 WARN [2021-09-18 01:53:20,800] ({qtp2107447833-312} InterpreterSettingManager.java[compare]:892) - InterpreterGroup sap is not specified in zeppelin.interpreter.group.order
 INFO [2021-09-18 03:09:22,160] ({qtp2107447833-362} NotebookServer.java[onClose]:372) - Closed connection to 172.17.0.1 : 60076. (1006) WebSocket Read EOF
 INFO [2021-09-18 03:09:24,644] ({qtp2107447833-365} NotebookServer.java[onOpen]:151) - New connection from 172.17.0.1 : 60104
 INFO [2021-09-18 03:09:24,658] ({qtp2107447833-362} NotebookServer.java[sendNote]:828) - New operation from 172.17.0.1 : 60104 : anonymous : GET_NOTE : 2GGN57HVC
 WARN [2021-09-18 03:09:24,703] ({qtp2107447833-362} GitNotebookRepo.java[revisionHistory]:158) - No Head found for 2GGN57HVC, No HEAD exists and no explicit starting revision was specified
 WARN [2021-09-18 03:09:24,707] ({qtp2107447833-362} InterpreterSettingManager.java[compare]:886) - InterpreterGroup sap is not specified in zeppelin.interpreter.group.order
 WARN [2021-09-18 03:09:24,709] ({qtp2107447833-362} InterpreterSettingManager.java[compare]:886) - InterpreterGroup sap is not specified in zeppelin.interpreter.group.order
 WARN [2021-09-18 03:09:24,710] ({qtp2107447833-362} InterpreterSettingManager.java[compare]:892) - InterpreterGroup sap is not specified in zeppelin.interpreter.group.order
 WARN [2021-09-18 03:09:24,711] ({qtp2107447833-362} InterpreterSettingManager.java[compare]:892) - InterpreterGroup sap is not specified in zeppelin.interpreter.group.order
 WARN [2021-09-18 03:09:24,713] ({qtp2107447833-362} InterpreterSettingManager.java[compare]:892) - InterpreterGroup sap is not specified in zeppelin.interpreter.group.order
 WARN [2021-09-18 03:09:24,715] ({qtp2107447833-362} InterpreterSettingManager.java[compare]:892) - InterpreterGroup sap is not specified in zeppelin.interpreter.group.order
 INFO [2021-09-18 03:24:49,987] ({qtp2107447833-369} VFSNotebookRepo.java[save]:196) - Saving note:2GGN57HVC
 INFO [2021-09-18 03:24:50,402] ({qtp2107447833-363} NotebookServer.java[broadcastNewParagraph]:688) - Broadcasting paragraph on run call instead of note.
 INFO [2021-09-18 03:24:50,686] ({qtp2107447833-363} VFSNotebookRepo.java[save]:196) - Saving note:2GGN57HVC
 INFO [2021-09-18 03:24:50,732] ({pool-2-thread-18} SchedulerFactory.java[jobStarted]:114) - Job 20210917-122715_2046731311 started by scheduler org.apache.zeppelin.interpreter.remote.RemoteInterpreter-sh:shared_process-shared_session
 INFO [2021-09-18 03:24:50,746] ({pool-2-thread-18} Paragraph.java[jobRun]:380) - Run paragraph [paragraph_id: 20210917-122715_2046731311, interpreter: sh, note_id: 2GGN57HVC, user: anonymous]
 INFO [2021-09-18 03:24:52,321] ({pool-2-thread-18} NotebookServer.java[afterStatusChange]:2314) - Job 20210917-122715_2046731311 is finished successfully, status: FINISHED
 INFO [2021-09-18 03:24:52,581] ({pool-2-thread-18} VFSNotebookRepo.java[save]:196) - Saving note:2GGN57HVC
 INFO [2021-09-18 03:24:52,621] ({pool-2-thread-18} SchedulerFactory.java[jobFinished]:120) - Job 20210917-122715_2046731311 finished by scheduler org.apache.zeppelin.interpreter.remote.RemoteInterpreter-sh:shared_process-shared_session
 INFO [2021-09-18 03:25:18,102] ({qtp2107447833-363} VFSNotebookRepo.java[save]:196) - Saving note:2GGN57HVC
 INFO [2021-09-18 03:25:18,147] ({qtp2107447833-363} NotebookServer.java[broadcastNewParagraph]:688) - Broadcasting paragraph on run call instead of note.
 INFO [2021-09-18 03:25:18,481] ({qtp2107447833-363} VFSNotebookRepo.java[save]:196) - Saving note:2GGN57HVC
 INFO [2021-09-18 03:25:18,526] ({pool-2-thread-6} SchedulerFactory.java[jobStarted]:114) - Job 20210918-032450_482944680 started by scheduler org.apache.zeppelin.interpreter.remote.RemoteInterpreter-sh:shared_process-shared_session
 INFO [2021-09-18 03:25:18,531] ({pool-2-thread-6} Paragraph.java[jobRun]:380) - Run paragraph [paragraph_id: 20210918-032450_482944680, interpreter: sh, note_id: 2GGN57HVC, user: anonymous]
 INFO [2021-09-18 03:25:18,623] ({pool-2-thread-6} NotebookServer.java[afterStatusChange]:2314) - Job 20210918-032450_482944680 is finished successfully, status: FINISHED
 INFO [2021-09-18 03:25:19,088] ({pool-2-thread-6} VFSNotebookRepo.java[save]:196) - Saving note:2GGN57HVC
 INFO [2021-09-18 03:25:19,139] ({pool-2-thread-6} SchedulerFactory.java[jobFinished]:120) - Job 20210918-032450_482944680 finished by scheduler org.apache.zeppelin.interpreter.remote.RemoteInterpreter-sh:shared_process-shared_session
 INFO [2021-09-18 03:25:31,046] ({qtp2107447833-363} VFSNotebookRepo.java[save]:196) - Saving note:2GGN57HVC
 INFO [2021-09-18 03:25:31,081] ({qtp2107447833-363} NotebookServer.java[broadcastNewParagraph]:688) - Broadcasting paragraph on run call instead of note.
 INFO [2021-09-18 03:25:31,150] ({qtp2107447833-363} VFSNotebookRepo.java[save]:196) - Saving note:2GGN57HVC
 INFO [2021-09-18 03:25:31,235] ({pool-2-thread-19} SchedulerFactory.java[jobStarted]:114) - Job 20210918-032518_1634600863 started by scheduler org.apache.zeppelin.interpreter.remote.RemoteInterpreter-spark:shared_process-shared_session
 INFO [2021-09-18 03:25:31,238] ({pool-2-thread-19} Paragraph.java[jobRun]:380) - Run paragraph [paragraph_id: 20210918-032518_1634600863, interpreter: spark, note_id: 2GGN57HVC, user: anonymous]
 INFO [2021-09-18 03:25:32,567] ({pool-2-thread-19} NotebookServer.java[afterStatusChange]:2314) - Job 20210918-032518_1634600863 is finished successfully, status: FINISHED
 INFO [2021-09-18 03:25:32,669] ({pool-2-thread-19} VFSNotebookRepo.java[save]:196) - Saving note:2GGN57HVC
 INFO [2021-09-18 03:25:32,696] ({pool-2-thread-19} SchedulerFactory.java[jobFinished]:120) - Job 20210918-032518_1634600863 finished by scheduler org.apache.zeppelin.interpreter.remote.RemoteInterpreter-spark:shared_process-shared_session
 INFO [2021-09-18 03:25:51,408] ({qtp2107447833-362} VFSNotebookRepo.java[save]:196) - Saving note:2GGN57HVC
 INFO [2021-09-18 03:25:51,480] ({qtp2107447833-363} NotebookServer.java[broadcastNewParagraph]:688) - Broadcasting paragraph on run call instead of note.
 INFO [2021-09-18 03:25:51,566] ({qtp2107447833-363} VFSNotebookRepo.java[save]:196) - Saving note:2GGN57HVC
 INFO [2021-09-18 03:25:51,604] ({pool-2-thread-11} SchedulerFactory.java[jobStarted]:114) - Job 20210918-032531_251530712 started by scheduler org.apache.zeppelin.interpreter.remote.RemoteInterpreter-spark:shared_process-shared_session
 INFO [2021-09-18 03:25:51,626] ({pool-2-thread-11} Paragraph.java[jobRun]:380) - Run paragraph [paragraph_id: 20210918-032531_251530712, interpreter: , note_id: 2GGN57HVC, user: anonymous]
 INFO [2021-09-18 03:25:52,109] ({pool-2-thread-11} NotebookServer.java[afterStatusChange]:2314) - Job 20210918-032531_251530712 is finished successfully, status: FINISHED
 INFO [2021-09-18 03:25:52,305] ({pool-2-thread-11} VFSNotebookRepo.java[save]:196) - Saving note:2GGN57HVC
 INFO [2021-09-18 03:25:52,341] ({pool-2-thread-11} SchedulerFactory.java[jobFinished]:120) - Job 20210918-032531_251530712 finished by scheduler org.apache.zeppelin.interpreter.remote.RemoteInterpreter-spark:shared_process-shared_session
 INFO [2021-09-18 03:26:07,945] ({qtp2107447833-363} VFSNotebookRepo.java[save]:196) - Saving note:2GGN57HVC
 INFO [2021-09-18 03:26:08,039] ({qtp2107447833-359} NotebookServer.java[broadcastNewParagraph]:688) - Broadcasting paragraph on run call instead of note.
 INFO [2021-09-18 03:26:08,165] ({qtp2107447833-359} VFSNotebookRepo.java[save]:196) - Saving note:2GGN57HVC
 INFO [2021-09-18 03:26:08,237] ({pool-2-thread-20} SchedulerFactory.java[jobStarted]:114) - Job 20210918-032551_2130837578 started by scheduler org.apache.zeppelin.interpreter.remote.RemoteInterpreter-spark:shared_process-shared_session
 INFO [2021-09-18 03:26:08,242] ({pool-2-thread-20} Paragraph.java[jobRun]:380) - Run paragraph [paragraph_id: 20210918-032551_2130837578, interpreter: , note_id: 2GGN57HVC, user: anonymous]
 INFO [2021-09-18 03:26:08,722] ({pool-2-thread-20} NotebookServer.java[afterStatusChange]:2314) - Job 20210918-032551_2130837578 is finished successfully, status: FINISHED
 INFO [2021-09-18 03:26:08,822] ({pool-2-thread-20} VFSNotebookRepo.java[save]:196) - Saving note:2GGN57HVC
 INFO [2021-09-18 03:26:08,851] ({pool-2-thread-20} SchedulerFactory.java[jobFinished]:120) - Job 20210918-032551_2130837578 finished by scheduler org.apache.zeppelin.interpreter.remote.RemoteInterpreter-spark:shared_process-shared_session
 INFO [2021-09-18 03:26:21,021] ({qtp2107447833-363} VFSNotebookRepo.java[save]:196) - Saving note:2GGN57HVC
 INFO [2021-09-18 03:26:21,086] ({qtp2107447833-359} NotebookServer.java[broadcastNewParagraph]:688) - Broadcasting paragraph on run call instead of note.
 INFO [2021-09-18 03:26:21,167] ({qtp2107447833-359} VFSNotebookRepo.java[save]:196) - Saving note:2GGN57HVC
 INFO [2021-09-18 03:26:21,252] ({pool-2-thread-4} SchedulerFactory.java[jobStarted]:114) - Job 20210918-032608_136903759 started by scheduler org.apache.zeppelin.interpreter.remote.RemoteInterpreter-spark:shared_process-shared_session
 INFO [2021-09-18 03:26:21,255] ({pool-2-thread-4} Paragraph.java[jobRun]:380) - Run paragraph [paragraph_id: 20210918-032608_136903759, interpreter: , note_id: 2GGN57HVC, user: anonymous]
 INFO [2021-09-18 03:26:22,163] ({pool-2-thread-4} NotebookServer.java[afterStatusChange]:2314) - Job 20210918-032608_136903759 is finished successfully, status: FINISHED
 INFO [2021-09-18 03:26:22,328] ({pool-2-thread-4} VFSNotebookRepo.java[save]:196) - Saving note:2GGN57HVC
 INFO [2021-09-18 03:26:22,375] ({pool-2-thread-4} SchedulerFactory.java[jobFinished]:120) - Job 20210918-032608_136903759 finished by scheduler org.apache.zeppelin.interpreter.remote.RemoteInterpreter-spark:shared_process-shared_session
 INFO [2021-09-18 03:27:46,400] ({qtp2107447833-365} VFSNotebookRepo.java[save]:196) - Saving note:2GGN57HVC
 INFO [2021-09-18 03:27:49,381] ({qtp2107447833-359} NotebookServer.java[broadcastNewParagraph]:688) - Broadcasting paragraph on run call instead of note.
 INFO [2021-09-18 03:27:49,440] ({qtp2107447833-359} VFSNotebookRepo.java[save]:196) - Saving note:2GGN57HVC
 INFO [2021-09-18 03:27:49,510] ({pool-2-thread-21} SchedulerFactory.java[jobStarted]:114) - Job 20210918-032621_1947368520 started by scheduler org.apache.zeppelin.interpreter.remote.RemoteInterpreter-spark:shared_process-shared_session
 INFO [2021-09-18 03:27:49,525] ({pool-2-thread-21} Paragraph.java[jobRun]:380) - Run paragraph [paragraph_id: 20210918-032621_1947368520, interpreter: , note_id: 2GGN57HVC, user: anonymous]
 INFO [2021-09-18 03:27:50,176] ({pool-2-thread-21} NotebookServer.java[afterStatusChange]:2314) - Job 20210918-032621_1947368520 is finished successfully, status: FINISHED
 INFO [2021-09-18 03:27:50,336] ({pool-2-thread-21} VFSNotebookRepo.java[save]:196) - Saving note:2GGN57HVC
 INFO [2021-09-18 03:27:50,379] ({pool-2-thread-21} SchedulerFactory.java[jobFinished]:120) - Job 20210918-032621_1947368520 finished by scheduler org.apache.zeppelin.interpreter.remote.RemoteInterpreter-spark:shared_process-shared_session
 INFO [2021-09-18 03:28:10,668] ({qtp2107447833-368} VFSNotebookRepo.java[save]:196) - Saving note:2GGN57HVC
 INFO [2021-09-18 03:28:10,736] ({qtp2107447833-359} NotebookServer.java[broadcastNewParagraph]:688) - Broadcasting paragraph on run call instead of note.
 INFO [2021-09-18 03:28:10,829] ({qtp2107447833-359} VFSNotebookRepo.java[save]:196) - Saving note:2GGN57HVC
 INFO [2021-09-18 03:28:10,887] ({pool-2-thread-12} SchedulerFactory.java[jobStarted]:114) - Job 20210918-032749_1518256379 started by scheduler org.apache.zeppelin.interpreter.remote.RemoteInterpreter-spark:shared_process-shared_session
 INFO [2021-09-18 03:28:10,896] ({pool-2-thread-12} Paragraph.java[jobRun]:380) - Run paragraph [paragraph_id: 20210918-032749_1518256379, interpreter: spark, note_id: 2GGN57HVC, user: anonymous]
 INFO [2021-09-18 03:28:11,913] ({pool-2-thread-12} NotebookServer.java[afterStatusChange]:2314) - Job 20210918-032749_1518256379 is finished successfully, status: FINISHED
 INFO [2021-09-18 03:28:12,031] ({pool-2-thread-12} VFSNotebookRepo.java[save]:196) - Saving note:2GGN57HVC
 INFO [2021-09-18 03:28:12,082] ({pool-2-thread-12} SchedulerFactory.java[jobFinished]:120) - Job 20210918-032749_1518256379 finished by scheduler org.apache.zeppelin.interpreter.remote.RemoteInterpreter-spark:shared_process-shared_session
 INFO [2021-09-18 03:28:40,124] ({qtp2107447833-359} VFSNotebookRepo.java[save]:196) - Saving note:2GGN57HVC
 INFO [2021-09-18 03:28:40,155] ({qtp2107447833-359} NotebookServer.java[broadcastNewParagraph]:688) - Broadcasting paragraph on run call instead of note.
 INFO [2021-09-18 03:28:40,222] ({qtp2107447833-359} VFSNotebookRepo.java[save]:196) - Saving note:2GGN57HVC
 INFO [2021-09-18 03:28:40,270] ({pool-2-thread-22} SchedulerFactory.java[jobStarted]:114) - Job 20210918-032810_1595012143 started by scheduler org.apache.zeppelin.interpreter.remote.RemoteInterpreter-spark:shared_process-shared_session
 INFO [2021-09-18 03:28:40,272] ({pool-2-thread-22} Paragraph.java[jobRun]:380) - Run paragraph [paragraph_id: 20210918-032810_1595012143, interpreter: spark, note_id: 2GGN57HVC, user: anonymous]
 INFO [2021-09-18 03:28:41,196] ({pool-2-thread-22} NotebookServer.java[afterStatusChange]:2314) - Job 20210918-032810_1595012143 is finished successfully, status: FINISHED
 INFO [2021-09-18 03:28:41,293] ({pool-2-thread-22} VFSNotebookRepo.java[save]:196) - Saving note:2GGN57HVC
 INFO [2021-09-18 03:28:41,335] ({pool-2-thread-22} SchedulerFactory.java[jobFinished]:120) - Job 20210918-032810_1595012143 finished by scheduler org.apache.zeppelin.interpreter.remote.RemoteInterpreter-spark:shared_process-shared_session
 INFO [2021-09-18 03:28:53,854] ({qtp2107447833-359} VFSNotebookRepo.java[save]:196) - Saving note:2GGN57HVC
 INFO [2021-09-18 03:28:54,412] ({qtp2107447833-368} NotebookServer.java[broadcastNewParagraph]:688) - Broadcasting paragraph on run call instead of note.
 INFO [2021-09-18 03:28:54,491] ({qtp2107447833-368} VFSNotebookRepo.java[save]:196) - Saving note:2GGN57HVC
 INFO [2021-09-18 03:28:54,566] ({pool-2-thread-7} SchedulerFactory.java[jobStarted]:114) - Job 20210918-032840_1843305587 started by scheduler org.apache.zeppelin.interpreter.remote.RemoteInterpreter-spark:shared_process-shared_session
 INFO [2021-09-18 03:28:54,574] ({pool-2-thread-7} Paragraph.java[jobRun]:380) - Run paragraph [paragraph_id: 20210918-032840_1843305587, interpreter: spark, note_id: 2GGN57HVC, user: anonymous]
 INFO [2021-09-18 03:28:55,289] ({pool-2-thread-7} NotebookServer.java[afterStatusChange]:2314) - Job 20210918-032840_1843305587 is finished successfully, status: FINISHED
 INFO [2021-09-18 03:28:55,370] ({pool-2-thread-7} VFSNotebookRepo.java[save]:196) - Saving note:2GGN57HVC
 INFO [2021-09-18 03:28:55,401] ({pool-2-thread-7} SchedulerFactory.java[jobFinished]:120) - Job 20210918-032840_1843305587 finished by scheduler org.apache.zeppelin.interpreter.remote.RemoteInterpreter-spark:shared_process-shared_session
 INFO [2021-09-18 03:29:06,808] ({qtp2107447833-359} VFSNotebookRepo.java[save]:196) - Saving note:2GGN57HVC
 INFO [2021-09-18 03:29:06,876] ({qtp2107447833-356} NotebookServer.java[broadcastNewParagraph]:688) - Broadcasting paragraph on run call instead of note.
 INFO [2021-09-18 03:29:06,928] ({qtp2107447833-356} VFSNotebookRepo.java[save]:196) - Saving note:2GGN57HVC
 INFO [2021-09-18 03:29:06,977] ({pool-2-thread-23} SchedulerFactory.java[jobStarted]:114) - Job 20210918-032854_1379836235 started by scheduler org.apache.zeppelin.interpreter.remote.RemoteInterpreter-spark:shared_process-shared_session
 INFO [2021-09-18 03:29:06,980] ({pool-2-thread-23} Paragraph.java[jobRun]:380) - Run paragraph [paragraph_id: 20210918-032854_1379836235, interpreter: spark, note_id: 2GGN57HVC, user: anonymous]
 INFO [2021-09-18 03:29:07,589] ({pool-2-thread-23} NotebookServer.java[afterStatusChange]:2314) - Job 20210918-032854_1379836235 is finished successfully, status: FINISHED
 INFO [2021-09-18 03:29:07,736] ({pool-2-thread-23} VFSNotebookRepo.java[save]:196) - Saving note:2GGN57HVC
 INFO [2021-09-18 03:29:07,844] ({pool-2-thread-23} SchedulerFactory.java[jobFinished]:120) - Job 20210918-032854_1379836235 finished by scheduler org.apache.zeppelin.interpreter.remote.RemoteInterpreter-spark:shared_process-shared_session
 INFO [2021-09-18 03:29:16,968] ({qtp2107447833-359} VFSNotebookRepo.java[save]:196) - Saving note:2GGN57HVC
 INFO [2021-09-18 03:29:17,053] ({qtp2107447833-356} NotebookServer.java[broadcastNewParagraph]:688) - Broadcasting paragraph on run call instead of note.
 INFO [2021-09-18 03:29:17,135] ({qtp2107447833-356} VFSNotebookRepo.java[save]:196) - Saving note:2GGN57HVC
 INFO [2021-09-18 03:29:17,205] ({pool-2-thread-13} SchedulerFactory.java[jobStarted]:114) - Job 20210918-032906_1791230113 started by scheduler org.apache.zeppelin.interpreter.remote.RemoteInterpreter-spark:shared_process-shared_session
 INFO [2021-09-18 03:29:17,207] ({pool-2-thread-13} Paragraph.java[jobRun]:380) - Run paragraph [paragraph_id: 20210918-032906_1791230113, interpreter: spark, note_id: 2GGN57HVC, user: anonymous]
 INFO [2021-09-18 03:29:17,591] ({pool-2-thread-13} NotebookServer.java[afterStatusChange]:2314) - Job 20210918-032906_1791230113 is finished successfully, status: FINISHED
 INFO [2021-09-18 03:29:17,739] ({pool-2-thread-13} VFSNotebookRepo.java[save]:196) - Saving note:2GGN57HVC
 INFO [2021-09-18 03:29:17,808] ({pool-2-thread-13} SchedulerFactory.java[jobFinished]:120) - Job 20210918-032906_1791230113 finished by scheduler org.apache.zeppelin.interpreter.remote.RemoteInterpreter-spark:shared_process-shared_session
 INFO [2021-09-18 03:32:52,213] ({qtp2107447833-363} NotebookServer.java[onClose]:372) - Closed connection to 172.17.0.1 : 60104. (1006) WebSocket Read EOF
 INFO [2021-09-18 03:32:55,130] ({qtp2107447833-369} NotebookServer.java[onOpen]:151) - New connection from 172.17.0.1 : 60144
 INFO [2021-09-18 03:32:55,142] ({qtp2107447833-363} NotebookServer.java[sendNote]:828) - New operation from 172.17.0.1 : 60144 : anonymous : GET_NOTE : 2GGN57HVC
 WARN [2021-09-18 03:32:55,189] ({qtp2107447833-363} GitNotebookRepo.java[revisionHistory]:158) - No Head found for 2GGN57HVC, No HEAD exists and no explicit starting revision was specified
 WARN [2021-09-18 03:32:55,192] ({qtp2107447833-363} InterpreterSettingManager.java[compare]:886) - InterpreterGroup sap is not specified in zeppelin.interpreter.group.order
 WARN [2021-09-18 03:32:55,197] ({qtp2107447833-363} InterpreterSettingManager.java[compare]:886) - InterpreterGroup sap is not specified in zeppelin.interpreter.group.order
 WARN [2021-09-18 03:32:55,199] ({qtp2107447833-363} InterpreterSettingManager.java[compare]:892) - InterpreterGroup sap is not specified in zeppelin.interpreter.group.order
 WARN [2021-09-18 03:32:55,201] ({qtp2107447833-363} InterpreterSettingManager.java[compare]:892) - InterpreterGroup sap is not specified in zeppelin.interpreter.group.order
 WARN [2021-09-18 03:32:55,202] ({qtp2107447833-363} InterpreterSettingManager.java[compare]:892) - InterpreterGroup sap is not specified in zeppelin.interpreter.group.order
 WARN [2021-09-18 03:32:55,204] ({qtp2107447833-363} InterpreterSettingManager.java[compare]:892) - InterpreterGroup sap is not specified in zeppelin.interpreter.group.order
 INFO [2021-09-18 03:35:28,199] ({qtp2107447833-551} NotebookServer.java[onClose]:372) - Closed connection to 172.17.0.1 : 60144. (1006) WebSocket Read EOF
 INFO [2021-09-18 03:35:29,977] ({qtp2107447833-356} NotebookServer.java[onOpen]:151) - New connection from 172.17.0.1 : 60172
 INFO [2021-09-18 03:35:29,995] ({qtp2107447833-551} NotebookServer.java[sendNote]:828) - New operation from 172.17.0.1 : 60172 : anonymous : GET_NOTE : 2GGN57HVC
 WARN [2021-09-18 03:35:30,049] ({qtp2107447833-551} GitNotebookRepo.java[revisionHistory]:158) - No Head found for 2GGN57HVC, No HEAD exists and no explicit starting revision was specified
 WARN [2021-09-18 03:35:30,051] ({qtp2107447833-551} InterpreterSettingManager.java[compare]:886) - InterpreterGroup sap is not specified in zeppelin.interpreter.group.order
 WARN [2021-09-18 03:35:30,054] ({qtp2107447833-551} InterpreterSettingManager.java[compare]:886) - InterpreterGroup sap is not specified in zeppelin.interpreter.group.order
 WARN [2021-09-18 03:35:30,058] ({qtp2107447833-551} InterpreterSettingManager.java[compare]:892) - InterpreterGroup sap is not specified in zeppelin.interpreter.group.order
 WARN [2021-09-18 03:35:30,060] ({qtp2107447833-551} InterpreterSettingManager.java[compare]:892) - InterpreterGroup sap is not specified in zeppelin.interpreter.group.order
 WARN [2021-09-18 03:35:30,061] ({qtp2107447833-551} InterpreterSettingManager.java[compare]:892) - InterpreterGroup sap is not specified in zeppelin.interpreter.group.order
 WARN [2021-09-18 03:35:30,062] ({qtp2107447833-551} InterpreterSettingManager.java[compare]:892) - InterpreterGroup sap is not specified in zeppelin.interpreter.group.order
 INFO [2021-09-18 04:36:17,499] ({qtp2107447833-551} NotebookServer.java[onClose]:372) - Closed connection to 172.17.0.1 : 60172. (1001) null
 INFO [2021-09-18 04:36:40,213] ({Thread-13} ZeppelinServer.java[run]:253) - Shutting down Zeppelin Server ... 
 INFO [2021-09-18 04:36:40,289] ({Thread-13} AbstractConnector.java[doStop]:341) - Stopped ServerConnector@1cec219f{HTTP/1.1,[http/1.1]}{0.0.0.0:8080}
 INFO [2021-09-18 04:36:40,291] ({Thread-13} HouseKeeper.java[stopScavenging]:167) - node0 Stopped scavenging
 INFO [2021-09-18 04:36:42,421] ({Thread-13} ContextHandler.java[doStop]:1045) - Stopped o.e.j.w.WebAppContext@5af97850{zeppelin-web,/,null,UNAVAILABLE}{/zeppelin/zeppelin-web-0.8.1.war}
 INFO [2021-09-18 04:36:42,434] ({Thread-435} InterpreterSetting.java[close]:483) - Close InterpreterSetting: python
 INFO [2021-09-18 04:36:42,434] ({Thread-434} InterpreterSetting.java[close]:483) - Close InterpreterSetting: ignite
 INFO [2021-09-18 04:36:42,436] ({Thread-439} InterpreterSetting.java[close]:483) - Close InterpreterSetting: pig
 INFO [2021-09-18 04:36:42,435] ({Thread-436} InterpreterSetting.java[close]:483) - Close InterpreterSetting: sap
 INFO [2021-09-18 04:36:42,438] ({Thread-440} InterpreterSetting.java[close]:483) - Close InterpreterSetting: flink
 INFO [2021-09-18 04:36:42,477] ({Thread-472} InterpreterSetting.java[close]:483) - Close InterpreterSetting: alluxio
 INFO [2021-09-18 04:36:42,479] ({Thread-462} InterpreterSetting.java[close]:483) - Close InterpreterSetting: md
 INFO [2021-09-18 04:36:42,435] ({Thread-437} InterpreterSetting.java[close]:483) - Close InterpreterSetting: jdbc
 INFO [2021-09-18 04:36:42,435] ({Thread-438} InterpreterSetting.java[close]:483) - Close InterpreterSetting: lens
 INFO [2021-09-18 04:36:42,481] ({Thread-457} InterpreterSetting.java[close]:483) - Close InterpreterSetting: neo4j
 INFO [2021-09-18 04:36:42,480] ({Thread-454} InterpreterSetting.java[close]:483) - Close InterpreterSetting: livy
 INFO [2021-09-18 04:36:42,480] ({Thread-453} InterpreterSetting.java[close]:483) - Close InterpreterSetting: angular
 INFO [2021-09-18 04:36:42,480] ({Thread-455} InterpreterSetting.java[close]:483) - Close InterpreterSetting: groovy
 INFO [2021-09-18 04:36:42,480] ({Thread-456} InterpreterSetting.java[close]:483) - Close InterpreterSetting: file
 INFO [2021-09-18 04:36:42,480] ({Thread-458} InterpreterSetting.java[close]:483) - Close InterpreterSetting: elasticsearch
 INFO [2021-09-18 04:36:42,480] ({Thread-459} InterpreterSetting.java[close]:483) - Close InterpreterSetting: sh
 INFO [2021-09-18 04:36:42,492] ({Thread-459} ManagedInterpreterGroup.java[close]:89) - Close InterpreterGroup: sh:shared_process
 INFO [2021-09-18 04:36:42,493] ({Thread-459} ManagedInterpreterGroup.java[close]:100) - Close Session: shared_session for interpreter setting: sh
 INFO [2021-09-18 04:36:42,480] ({Thread-460} InterpreterSetting.java[close]:483) - Close InterpreterSetting: cassandra
 INFO [2021-09-18 04:36:42,479] ({Thread-461} InterpreterSetting.java[close]:483) - Close InterpreterSetting: spark
 INFO [2021-09-18 04:36:42,497] ({Thread-461} ManagedInterpreterGroup.java[close]:89) - Close InterpreterGroup: spark:shared_process
 INFO [2021-09-18 04:36:42,479] ({Thread-463} InterpreterSetting.java[close]:483) - Close InterpreterSetting: alluxio
 INFO [2021-09-18 04:36:42,479] ({Thread-465} InterpreterSetting.java[close]:483) - Close InterpreterSetting: hbase
 INFO [2021-09-18 04:36:42,478] ({Thread-464} InterpreterSetting.java[close]:483) - Close InterpreterSetting: bigquery
 INFO [2021-09-18 04:36:42,478] ({Thread-467} InterpreterSetting.java[close]:483) - Close InterpreterSetting: elasticsearch
 INFO [2021-09-18 04:36:42,478] ({Thread-468} InterpreterSetting.java[close]:483) - Close InterpreterSetting: sh
 INFO [2021-09-18 04:36:42,478] ({Thread-469} InterpreterSetting.java[close]:483) - Close InterpreterSetting: cassandra
 INFO [2021-09-18 04:36:42,478] ({Thread-471} InterpreterSetting.java[close]:483) - Close InterpreterSetting: md
 INFO [2021-09-18 04:36:42,478] ({Thread-470} InterpreterSetting.java[close]:483) - Close InterpreterSetting: spark
 INFO [2021-09-18 04:36:42,477] ({Thread-473} InterpreterSetting.java[close]:483) - Close InterpreterSetting: bigquery
 INFO [2021-09-18 04:36:42,477] ({Thread-446} InterpreterSetting.java[close]:483) - Close InterpreterSetting: neo4j
 INFO [2021-09-18 04:36:42,477] ({Thread-474} InterpreterSetting.java[close]:483) - Close InterpreterSetting: hbase
 INFO [2021-09-18 04:36:42,477] ({Thread-466} InterpreterSetting.java[close]:483) - Close InterpreterSetting: kylin
 INFO [2021-09-18 04:36:42,477] ({Thread-475} InterpreterSetting.java[close]:483) - Close InterpreterSetting: kylin
 INFO [2021-09-18 04:36:42,477] ({Thread-452} InterpreterSetting.java[close]:483) - Close InterpreterSetting: flink
 INFO [2021-09-18 04:36:42,451] ({Thread-451} InterpreterSetting.java[close]:483) - Close InterpreterSetting: pig
 INFO [2021-09-18 04:36:42,450] ({Thread-450} InterpreterSetting.java[close]:483) - Close InterpreterSetting: lens
 INFO [2021-09-18 04:36:42,450] ({Thread-449} InterpreterSetting.java[close]:483) - Close InterpreterSetting: jdbc
 INFO [2021-09-18 04:36:42,449] ({Thread-448} InterpreterSetting.java[close]:483) - Close InterpreterSetting: sap
 INFO [2021-09-18 04:36:42,449] ({Thread-447} InterpreterSetting.java[close]:483) - Close InterpreterSetting: python
 INFO [2021-09-18 04:36:42,449] ({Thread-442} InterpreterSetting.java[close]:483) - Close InterpreterSetting: ignite
 INFO [2021-09-18 04:36:42,442] ({Thread-445} InterpreterSetting.java[close]:483) - Close InterpreterSetting: file
 INFO [2021-09-18 04:36:42,441] ({Thread-444} InterpreterSetting.java[close]:483) - Close InterpreterSetting: groovy
 INFO [2021-09-18 04:36:42,440] ({Thread-443} InterpreterSetting.java[close]:483) - Close InterpreterSetting: livy
 INFO [2021-09-18 04:36:42,439] ({Thread-441} InterpreterSetting.java[close]:483) - Close InterpreterSetting: angular
 INFO [2021-09-18 04:36:42,500] ({Thread-461} ManagedInterpreterGroup.java[close]:100) - Close Session: shared_session for interpreter setting: spark
 INFO [2021-09-18 04:36:42,571] ({Thread-459} ManagedInterpreterGroup.java[close]:105) - Remove this InterpreterGroup: sh:shared_process as all the sessions are closed
 INFO [2021-09-18 04:36:42,572] ({Thread-459} ManagedInterpreterGroup.java[close]:108) - Kill RemoteInterpreterProcess
 INFO [2021-09-18 04:36:42,574] ({Thread-459} RemoteInterpreterManagedProcess.java[stop]:220) - Kill interpreter process
 WARN [2021-09-18 04:36:42,830] ({Thread-461} RemoteInterpreter.java[close]:199) - close is called when RemoterInterpreter is not opened for org.apache.zeppelin.spark.DepInterpreter
 WARN [2021-09-18 04:36:42,832] ({Thread-461} RemoteInterpreter.java[close]:199) - close is called when RemoterInterpreter is not opened for org.apache.zeppelin.spark.PySparkInterpreter
 WARN [2021-09-18 04:36:42,835] ({Thread-461} RemoteInterpreter.java[close]:199) - close is called when RemoterInterpreter is not opened for org.apache.zeppelin.spark.IPySparkInterpreter
 WARN [2021-09-18 04:36:42,837] ({Thread-461} RemoteInterpreter.java[close]:199) - close is called when RemoterInterpreter is not opened for org.apache.zeppelin.spark.SparkRInterpreter
 INFO [2021-09-18 04:36:42,839] ({Thread-461} ManagedInterpreterGroup.java[close]:105) - Remove this InterpreterGroup: spark:shared_process as all the sessions are closed
 INFO [2021-09-18 04:36:42,840] ({Thread-461} ManagedInterpreterGroup.java[close]:108) - Kill RemoteInterpreterProcess
 INFO [2021-09-18 04:36:42,841] ({Thread-461} RemoteInterpreterManagedProcess.java[stop]:220) - Kill interpreter process
ERROR [2021-09-18 04:36:42,959] ({Thread-29} RemoteInterpreterEventPoller.java[run]:257) - Can not get RemoteInterpreterEvent because it is shutdown.
ERROR [2021-09-18 04:36:42,962] ({pool-8-thread-1} AppendOutputRunner.java[run]:68) - Wait for OutputBuffer queue interrupted: null
ERROR [2021-09-18 04:36:43,570] ({Thread-20} RemoteInterpreterEventPoller.java[run]:257) - Can not get RemoteInterpreterEvent because it is shutdown.
ERROR [2021-09-18 04:36:43,572] ({pool-6-thread-1} AppendOutputRunner.java[run]:68) - Wait for OutputBuffer queue interrupted: null
 WARN [2021-09-18 04:36:45,457] ({Thread-459} RemoteInterpreterManagedProcess.java[stop]:230) - ignore the exception when shutting down
 INFO [2021-09-18 04:36:45,478] ({Thread-459} RemoteInterpreterManagedProcess.java[stop]:238) - Remote process terminated
 INFO [2021-09-18 04:36:45,472] ({Exec Default Executor} RemoteInterpreterManagedProcess.java[onProcessComplete]:243) - Interpreter process exited 0
 INFO [2021-09-18 04:36:45,481] ({Thread-468} ManagedInterpreterGroup.java[close]:89) - Close InterpreterGroup: sh:shared_process
 WARN [2021-09-18 04:36:46,194] ({Thread-461} RemoteInterpreterManagedProcess.java[stop]:230) - ignore the exception when shutting down
 INFO [2021-09-18 04:36:46,197] ({Thread-461} RemoteInterpreterManagedProcess.java[stop]:238) - Remote process terminated
 INFO [2021-09-18 04:36:46,199] ({Thread-470} ManagedInterpreterGroup.java[close]:89) - Close InterpreterGroup: spark:shared_process
 INFO [2021-09-18 04:36:46,201] ({Thread-13} NotebookRepoSync.java[close]:428) - Closing all notebook storages
 INFO [2021-09-18 04:36:46,248] ({Exec Default Executor} RemoteInterpreterManagedProcess.java[onProcessFailed]:250) - Interpreter process failed {}
org.apache.commons.exec.ExecuteException: Process exited with an error: 143 (Exit value: 143)
	at org.apache.commons.exec.DefaultExecutor.executeInternal(DefaultExecutor.java:404)
	at org.apache.commons.exec.DefaultExecutor.access$200(DefaultExecutor.java:48)
	at org.apache.commons.exec.DefaultExecutor$1.run(DefaultExecutor.java:200)
	at java.lang.Thread.run(Thread.java:748)
 INFO [2021-09-18 04:36:49,278] ({Thread-13} ZeppelinServer.java[run]:264) - Bye
